<?xml version="1.0" encoding="UTF-8"?>
<!-- Generated by org.testng.reporters.JUnitXMLReporter -->
<testsuite ignored="0" hostname="DESKTOP-71P69E4" failures="2" tests="3" name="Test" time="57.66" errors="0" timestamp="2022-07-29T17:13:39 IST">
  <testcase classname="TestNG.Find_Elements_List_Example3" name="List_elements2" time="22.551">
    <failure type="java.lang.IndexOutOfBoundsException" message="Index 726 out of bounds for length 726">
      <![CDATA[java.lang.IndexOutOfBoundsException: Index 726 out of bounds for length 726
at java.base/jdk.internal.util.Preconditions.outOfBounds(Preconditions.java:64)
at java.base/jdk.internal.util.Preconditions.outOfBoundsCheckIndex(Preconditions.java:70)
at java.base/jdk.internal.util.Preconditions.checkIndex(Preconditions.java:266)
at java.base/java.util.Objects.checkIndex(Objects.java:359)
at java.base/java.util.ArrayList.get(ArrayList.java:427)
at TestNG.Find_Elements_List_Example3.List_elements2(Find_Elements_List_Example3.java:88)
at java.base/java.util.ArrayList.forEach(ArrayList.java:1511)
... Removed 27 stack frames]]>
    </failure>
  </testcase> <!-- List_elements2 -->
  <testcase classname="TestNG.Find_Elements_List_Example3" name="find_elements_list_example" time="15.733">
    <failure type="java.lang.IndexOutOfBoundsException" message="Index 518 out of bounds for length 518">
      <![CDATA[java.lang.IndexOutOfBoundsException: Index 518 out of bounds for length 518
at java.base/jdk.internal.util.Preconditions.outOfBounds(Preconditions.java:64)
at java.base/jdk.internal.util.Preconditions.outOfBoundsCheckIndex(Preconditions.java:70)
at java.base/jdk.internal.util.Preconditions.checkIndex(Preconditions.java:266)
at java.base/java.util.Objects.checkIndex(Objects.java:359)
at java.base/java.util.ArrayList.get(ArrayList.java:427)
at TestNG.Find_Elements_List_Example3.find_elements_list_example(Find_Elements_List_Example3.java:47)
at java.base/java.util.ArrayList.forEach(ArrayList.java:1511)
... Removed 27 stack frames]]>
    </failure>
  </testcase> <!-- find_elements_list_example -->
  <testcase classname="TestNG.Find_Elements_List_Example3" name="list_elements" time="11.342"/>
</testsuite> <!-- Test -->
